<?xml version="1.0" encoding="UTF-8"?>
<!-- Generated by org.testng.reporters.JUnitReportReporter -->
<testsuite hostname="HYDPCM539478L" failures="0" tests="1" name="seleniumAssignments.SwitchWindowAndDropDown" time="18.542" errors="0" timestamp="2022-05-06T16:50:55 IST" skipped="0">
  <testcase classname="seleniumAssignments.SwitchWindowAndDropDown" name="f" time="18.542"/>
  <system-out/>
</testsuite> <!-- seleniumAssignments.SwitchWindowAndDropDown -->
