<?xml version="1.0" encoding="UTF-8"?>
<!-- Generated by org.testng.reporters.JUnitReportReporter -->
<testsuite hostname="HYDPCM539478L" failures="0" tests="1" name="seleniumAssignments.Screenshot" time="7.311" errors="0" timestamp="2022-05-06T16:45:30 IST" skipped="0">
  <testcase classname="seleniumAssignments.Screenshot" name="test" time="7.311"/>
  <system-out/>
</testsuite> <!-- seleniumAssignments.Screenshot -->
