<?xml version="1.0" encoding="UTF-8"?>
<!-- Generated by org.testng.reporters.JUnitReportReporter -->
<testsuite hostname="HYDPCM539478L" failures="0" tests="1" name="seleniumAssignments.FrameHandles" time="13.295" errors="0" timestamp="2022-05-06T16:29:31 IST" skipped="0">
  <testcase classname="seleniumAssignments.FrameHandles" name="test" time="13.295"/>
  <system-out/>
</testsuite> <!-- seleniumAssignments.FrameHandles -->
