<?xml version="1.0" encoding="UTF-8"?>
<!-- Generated by org.testng.reporters.JUnitReportReporter -->
<testsuite hostname="HYDPCM539478L" failures="0" tests="1" name="seleniumAssignments.MouseHover" time="0.331" errors="0" timestamp="2022-05-06T17:23:14 IST" skipped="0">
  <testcase classname="seleniumAssignments.MouseHover" name="actions" time="0.331"/>
  <system-out/>
</testsuite> <!-- seleniumAssignments.MouseHover -->
