<?xml version="1.0" encoding="UTF-8"?>
<!-- Generated by org.testng.reporters.JUnitReportReporter -->
<testsuite hostname="HYDPCM539478L" failures="0" tests="1" name="seleniumAssignments.Executor" time="4.955" errors="0" timestamp="2022-05-06T16:27:39 IST" skipped="0">
  <testcase classname="seleniumAssignments.Executor" name="test" time="4.955"/>
  <system-out/>
</testsuite> <!-- seleniumAssignments.Executor -->
