<?xml version="1.0" encoding="UTF-8"?>
<!-- Generated by org.testng.reporters.JUnitReportReporter -->
<testsuite hostname="HYDPCM539478L" failures="0" tests="1" name="seleniumAssignments.GoogleAccountCreation" time="10.572" errors="0" timestamp="2022-05-06T16:30:58 IST" skipped="0">
  <testcase classname="seleniumAssignments.GoogleAccountCreation" name="f" time="10.572"/>
  <system-out/>
</testsuite> <!-- seleniumAssignments.GoogleAccountCreation -->
