<?xml version="1.0" encoding="UTF-8"?>
<!-- Generated by org.testng.reporters.JUnitReportReporter -->
<testsuite hostname="HYDPCM539478L" failures="0" tests="1" name="seleniumAssignments.WebTables" time="4.309" errors="0" timestamp="2022-05-06T16:51:45 IST" skipped="0">
  <testcase classname="seleniumAssignments.WebTables" name="test" time="4.309"/>
  <system-out/>
</testsuite> <!-- seleniumAssignments.WebTables -->
