<?xml version="1.0" encoding="UTF-8"?>
<!-- Generated by org.testng.reporters.JUnitReportReporter -->
<testsuite hostname="HYDPCM539478L" failures="0" tests="1" name="seleniumAssignments.DragAndDrop" time="3.655" errors="0" timestamp="2022-05-06T16:25:06 IST" skipped="0">
  <testcase classname="seleniumAssignments.DragAndDrop" name="Test" time="3.655"/>
  <system-out/>
</testsuite> <!-- seleniumAssignments.DragAndDrop -->
