<?xml version="1.0" encoding="UTF-8"?>
<!-- Generated by org.testng.reporters.JUnitReportReporter -->
<testsuite hostname="HYDPCM539478L" failures="0" tests="1" name="seleniumAssignments.Set_Size_Window" time="23.274" errors="0" timestamp="2022-05-06T16:49:43 IST" skipped="0">
  <testcase classname="seleniumAssignments.Set_Size_Window" name="sizeOfWindow" time="23.274"/>
  <system-out/>
</testsuite> <!-- seleniumAssignments.Set_Size_Window -->
