<?xml version="1.0" encoding="UTF-8"?>
<!-- Generated by org.testng.reporters.JUnitReportReporter -->
<testsuite hostname="HYDPCM539478L" failures="0" tests="1" name="seleniumAssignments.DoubleClick" time="3.437" errors="0" timestamp="2022-05-06T16:23:08 IST" skipped="0">
  <testcase classname="seleniumAssignments.DoubleClick" name="test" time="3.437"/>
  <system-out/>
</testsuite> <!-- seleniumAssignments.DoubleClick -->
