<?xml version="1.0" encoding="UTF-8"?>
<!-- Generated by org.testng.reporters.JUnitReportReporter -->
<testsuite hostname="HYDPCM539478L" failures="0" tests="1" name="seleniumAssignments.Google" time="21.219" errors="0" timestamp="2022-05-06T16:30:15 IST" skipped="0">
  <testcase classname="seleniumAssignments.Google" name="A4SearchGoogle" time="21.219"/>
  <system-out/>
</testsuite> <!-- seleniumAssignments.Google -->
