<?xml version="1.0" encoding="UTF-8"?>
<!-- Generated by org.testng.reporters.JUnitReportReporter -->
<testsuite hostname="HYDPCM539478L" failures="0" tests="2" name="seleniumAssignments.ParallelTesting" time="41.176" errors="0" timestamp="2022-05-06T16:41:41 IST" skipped="0">
  <testcase classname="seleniumAssignments.ParallelTesting" name="firefoxTest" time="34.086"/>
  <system-out/>
  <testcase classname="seleniumAssignments.ParallelTesting" name="chromeTest" time="7.090"/>
  <system-out/>
</testsuite> <!-- seleniumAssignments.ParallelTesting -->
