<?xml version="1.0" encoding="UTF-8"?>
<!-- Generated by org.testng.reporters.JUnitReportReporter -->
<testsuite hostname="HYDPCM539478L" failures="0" tests="1" name="seleniumAssignments.DropDown" time="32.104" errors="0" timestamp="2022-05-06T16:26:49 IST" skipped="0">
  <testcase classname="seleniumAssignments.DropDown" name="A1Dropdown" time="32.104"/>
  <system-out/>
</testsuite> <!-- seleniumAssignments.DropDown -->
