<?xml version="1.0" encoding="UTF-8"?>
<!-- Generated by org.testng.reporters.JUnitReportReporter -->
<testsuite hostname="HYDPCM539478L" failures="0" tests="1" name="seleniumAssignments.Alerts" time="3.155" errors="0" timestamp="2022-05-06T16:19:52 IST" skipped="0">
  <testcase classname="seleniumAssignments.Alerts" name="test" time="3.155"/>
  <system-out/>
</testsuite> <!-- seleniumAssignments.Alerts -->
