<?xml version="1.0" encoding="UTF-8"?>
<!-- Generated by org.testng.reporters.JUnitReportReporter -->
<testsuite hostname="HYDPCM539478L" failures="0" tests="1" name="seleniumAssignments.WindowHandles" time="0.568" errors="0" timestamp="2022-05-06T16:54:09 IST" skipped="0">
  <testcase classname="seleniumAssignments.WindowHandles" name="test" time="0.568"/>
  <system-out/>
</testsuite> <!-- seleniumAssignments.WindowHandles -->
