<?xml version="1.0" encoding="UTF-8"?>
<!-- Generated by org.testng.reporters.JUnitReportReporter -->
<testsuite hostname="HYDPCM539478L" failures="0" tests="1" name="seleniumAssignments.ScrollWeb" time="19.288" errors="0" timestamp="2022-05-06T16:48:44 IST" skipped="0">
  <testcase classname="seleniumAssignments.ScrollWeb" name="A5ScrollWeb" time="19.288"/>
  <system-out/>
</testsuite> <!-- seleniumAssignments.ScrollWeb -->
