<?xml version="1.0" encoding="UTF-8"?>
<!-- Generated by org.testng.reporters.JUnitReportReporter -->
<testsuite hostname="HYDPCM539478L" failures="0" tests="2" name="seleniumAssignments.XyzBank" time="29.522" errors="0" timestamp="2022-05-06T16:55:47 IST" skipped="0">
  <testcase classname="seleniumAssignments.XyzBank" name="test2" time="17.013"/>
  <system-out/>
  <testcase classname="seleniumAssignments.XyzBank" name="test1" time="12.509"/>
  <system-out/>
</testsuite> <!-- seleniumAssignments.XyzBank -->
