<?xml version="1.0" encoding="UTF-8"?>
<!-- Generated by org.testng.reporters.JUnitReportReporter -->
<testsuite hostname="HYDPCM539478L" failures="0" tests="1" name="seleniumAssignments.ScreenShot1" time="0.352" errors="0" timestamp="2022-05-06T17:07:36 IST" skipped="0">
  <testcase classname="seleniumAssignments.ScreenShot1" name="screenshot" time="0.352"/>
  <system-out/>
</testsuite> <!-- seleniumAssignments.ScreenShot1 -->
